{"C:\\Users\\valen\\Desktop\\code\\Battleships\\src\\Player.js": {"path":"C:\\Users\\valen\\Desktop\\code\\Battleships\\src\\Player.js","statementMap":{"0":{"start":{"line":5,"column":8},"end":{"line":5,"column":25}},"1":{"start":{"line":6,"column":8},"end":{"line":6,"column":24}},"2":{"start":{"line":7,"column":8},"end":{"line":7,"column":35}},"3":{"start":{"line":8,"column":8},"end":{"line":8,"column":35}},"4":{"start":{"line":9,"column":8},"end":{"line":9,"column":45}},"5":{"start":{"line":13,"column":8},"end":{"line":13,"column":73}},"6":{"start":{"line":13,"column":52},"end":{"line":13,"column":73}},"7":{"start":{"line":15,"column":8},"end":{"line":24,"column":9}},"8":{"start":{"line":16,"column":12},"end":{"line":16,"column":29}},"9":{"start":{"line":18,"column":12},"end":{"line":20,"column":14}},"10":{"start":{"line":19,"column":16},"end":{"line":19,"column":118}},"11":{"start":{"line":19,"column":87},"end":{"line":19,"column":118}},"12":{"start":{"line":22,"column":12},"end":{"line":22,"column":65}},"13":{"start":{"line":23,"column":12},"end":{"line":23,"column":46}},"14":{"start":{"line":29,"column":8},"end":{"line":29,"column":89}},"15":{"start":{"line":29,"column":32},"end":{"line":29,"column":89}},"16":{"start":{"line":31,"column":8},"end":{"line":31,"column":68}},"17":{"start":{"line":35,"column":8},"end":{"line":51,"column":9}},"18":{"start":{"line":36,"column":8},"end":{"line":51,"column":9}},"19":{"start":{"line":37,"column":20},"end":{"line":37,"column":50}},"20":{"start":{"line":38,"column":20},"end":{"line":38,"column":50}},"21":{"start":{"line":40,"column":12},"end":{"line":46,"column":13}},"22":{"start":{"line":40,"column":25},"end":{"line":40,"column":26}},"23":{"start":{"line":41,"column":42},"end":{"line":43,"column":18}},"24":{"start":{"line":42,"column":24},"end":{"line":42,"column":63}},"25":{"start":{"line":45,"column":16},"end":{"line":45,"column":68}},"26":{"start":{"line":45,"column":51},"end":{"line":45,"column":68}},"27":{"start":{"line":48,"column":12},"end":{"line":48,"column":36}},"28":{"start":{"line":49,"column":12},"end":{"line":49,"column":30}},"29":{"start":{"line":50,"column":12},"end":{"line":50,"column":25}}},"fnMap":{"0":{"name":"(anonymous_0)","decl":{"start":{"line":4,"column":4},"end":{"line":4,"column":5}},"loc":{"start":{"line":4,"column":50},"end":{"line":10,"column":5}},"line":4},"1":{"name":"(anonymous_1)","decl":{"start":{"line":12,"column":4},"end":{"line":12,"column":5}},"loc":{"start":{"line":12,"column":43},"end":{"line":26,"column":5}},"line":12},"2":{"name":"(anonymous_2)","decl":{"start":{"line":18,"column":30},"end":{"line":18,"column":31}},"loc":{"start":{"line":18,"column":40},"end":{"line":20,"column":13}},"line":18},"3":{"name":"(anonymous_3)","decl":{"start":{"line":28,"column":4},"end":{"line":28,"column":5}},"loc":{"start":{"line":28,"column":17},"end":{"line":32,"column":5}},"line":28},"4":{"name":"(anonymous_4)","decl":{"start":{"line":34,"column":4},"end":{"line":34,"column":5}},"loc":{"start":{"line":34,"column":24},"end":{"line":52,"column":5}},"line":34},"5":{"name":"(anonymous_5)","decl":{"start":{"line":41,"column":60},"end":{"line":41,"column":61}},"loc":{"start":{"line":41,"column":69},"end":{"line":43,"column":17}},"line":41}},"branchMap":{"0":{"loc":{"start":{"line":4,"column":22},"end":{"line":4,"column":48}},"type":"default-arg","locations":[{"start":{"line":4,"column":39},"end":{"line":4,"column":48}}],"line":4},"1":{"loc":{"start":{"line":12,"column":15},"end":{"line":12,"column":41}},"type":"default-arg","locations":[{"start":{"line":12,"column":35},"end":{"line":12,"column":41}}],"line":12},"2":{"loc":{"start":{"line":13,"column":8},"end":{"line":13,"column":73}},"type":"if","locations":[{"start":{"line":13,"column":8},"end":{"line":13,"column":73}},{"start":{},"end":{}}],"line":13},"3":{"loc":{"start":{"line":15,"column":8},"end":{"line":24,"column":9}},"type":"if","locations":[{"start":{"line":15,"column":8},"end":{"line":24,"column":9}},{"start":{"line":17,"column":15},"end":{"line":24,"column":9}}],"line":15},"4":{"loc":{"start":{"line":19,"column":16},"end":{"line":19,"column":118}},"type":"if","locations":[{"start":{"line":19,"column":16},"end":{"line":19,"column":118}},{"start":{},"end":{}}],"line":19},"5":{"loc":{"start":{"line":19,"column":19},"end":{"line":19,"column":85}},"type":"binary-expr","locations":[{"start":{"line":19,"column":19},"end":{"line":19,"column":50}},{"start":{"line":19,"column":54},"end":{"line":19,"column":85}}],"line":19},"6":{"loc":{"start":{"line":29,"column":8},"end":{"line":29,"column":89}},"type":"if","locations":[{"start":{"line":29,"column":8},"end":{"line":29,"column":89}},{"start":{},"end":{}}],"line":29},"7":{"loc":{"start":{"line":42,"column":31},"end":{"line":42,"column":63}},"type":"binary-expr","locations":[{"start":{"line":42,"column":31},"end":{"line":42,"column":45}},{"start":{"line":42,"column":49},"end":{"line":42,"column":63}}],"line":42},"8":{"loc":{"start":{"line":45,"column":16},"end":{"line":45,"column":68}},"type":"if","locations":[{"start":{"line":45,"column":16},"end":{"line":45,"column":68}},{"start":{},"end":{}}],"line":45}},"s":{"0":7,"1":7,"2":7,"3":7,"4":7,"5":4,"6":0,"7":4,"8":1,"9":3,"10":1,"11":1,"12":3,"13":3,"14":1,"15":0,"16":1,"17":1,"18":1,"19":1,"20":1,"21":1,"22":1,"23":0,"24":0,"25":0,"26":0,"27":1,"28":1,"29":1},"f":{"0":7,"1":4,"2":1,"3":1,"4":1,"5":0},"b":{"0":[4],"1":[1],"2":[0,4],"3":[1,3],"4":[1,0],"5":[1,1],"6":[0,1],"7":[0,0],"8":[0,0]},"_coverageSchema":"1a1c01bbd47fc00a2c39e90264f33305004495a9","hash":"0b322b7247312f882439016f48cde6dc4079b165"}
,"C:\\Users\\valen\\Desktop\\code\\Battleships\\src\\createField.js": {"path":"C:\\Users\\valen\\Desktop\\code\\Battleships\\src\\createField.js","statementMap":{"0":{"start":{"line":5,"column":4},"end":{"line":252,"column":5}},"1":{"start":{"line":37,"column":12},"end":{"line":37,"column":49}},"2":{"start":{"line":38,"column":12},"end":{"line":40,"column":13}},"3":{"start":{"line":39,"column":16},"end":{"line":39,"column":63}},"4":{"start":{"line":42,"column":35},"end":{"line":42,"column":82}},"5":{"start":{"line":44,"column":12},"end":{"line":46,"column":13}},"6":{"start":{"line":45,"column":16},"end":{"line":45,"column":52}},"7":{"start":{"line":49,"column":12},"end":{"line":49,"column":69}},"8":{"start":{"line":65,"column":12},"end":{"line":81,"column":13}},"9":{"start":{"line":67,"column":16},"end":{"line":67,"column":50}},"10":{"start":{"line":68,"column":16},"end":{"line":68,"column":40}},"11":{"start":{"line":70,"column":16},"end":{"line":70,"column":38}},"12":{"start":{"line":72,"column":16},"end":{"line":72,"column":41}},"13":{"start":{"line":76,"column":16},"end":{"line":76,"column":53}},"14":{"start":{"line":77,"column":16},"end":{"line":77,"column":63}},"15":{"start":{"line":79,"column":16},"end":{"line":79,"column":42}},"16":{"start":{"line":85,"column":12},"end":{"line":95,"column":13}},"17":{"start":{"line":86,"column":16},"end":{"line":94,"column":17}},"18":{"start":{"line":87,"column":20},"end":{"line":87,"column":69}},"19":{"start":{"line":87,"column":61},"end":{"line":87,"column":69}},"20":{"start":{"line":89,"column":42},"end":{"line":89,"column":74}},"21":{"start":{"line":90,"column":20},"end":{"line":92,"column":21}},"22":{"start":{"line":91,"column":24},"end":{"line":91,"column":49}},"23":{"start":{"line":96,"column":12},"end":{"line":96,"column":36}},"24":{"start":{"line":101,"column":12},"end":{"line":108,"column":13}},"25":{"start":{"line":102,"column":16},"end":{"line":107,"column":17}},"26":{"start":{"line":103,"column":20},"end":{"line":103,"column":58}},"27":{"start":{"line":104,"column":20},"end":{"line":104,"column":67}},"28":{"start":{"line":105,"column":20},"end":{"line":105,"column":68}},"29":{"start":{"line":106,"column":20},"end":{"line":106,"column":25}},"30":{"start":{"line":112,"column":12},"end":{"line":112,"column":66}},"31":{"start":{"line":112,"column":54},"end":{"line":112,"column":66}},"32":{"start":{"line":114,"column":12},"end":{"line":133,"column":13}},"33":{"start":{"line":115,"column":16},"end":{"line":123,"column":13}},"34":{"start":{"line":115,"column":29},"end":{"line":115,"column":30}},"35":{"start":{"line":116,"column":41},"end":{"line":118,"column":18}},"36":{"start":{"line":117,"column":20},"end":{"line":117,"column":125}},"37":{"start":{"line":120,"column":16},"end":{"line":122,"column":17}},"38":{"start":{"line":121,"column":19},"end":{"line":121,"column":30}},"39":{"start":{"line":125,"column":19},"end":{"line":133,"column":13}},"40":{"start":{"line":126,"column":37},"end":{"line":128,"column":18}},"41":{"start":{"line":127,"column":20},"end":{"line":127,"column":119}},"42":{"start":{"line":130,"column":16},"end":{"line":132,"column":17}},"43":{"start":{"line":131,"column":19},"end":{"line":131,"column":30}},"44":{"start":{"line":135,"column":12},"end":{"line":135,"column":24}},"45":{"start":{"line":139,"column":12},"end":{"line":150,"column":13}},"46":{"start":{"line":140,"column":16},"end":{"line":149,"column":17}},"47":{"start":{"line":141,"column":20},"end":{"line":141,"column":69}},"48":{"start":{"line":141,"column":61},"end":{"line":141,"column":69}},"49":{"start":{"line":143,"column":46},"end":{"line":143,"column":85}},"50":{"start":{"line":144,"column":20},"end":{"line":148,"column":21}},"51":{"start":{"line":144,"column":33},"end":{"line":144,"column":34}},"52":{"start":{"line":145,"column":24},"end":{"line":147,"column":25}},"53":{"start":{"line":146,"column":28},"end":{"line":146,"column":61}},"54":{"start":{"line":154,"column":12},"end":{"line":162,"column":13}},"55":{"start":{"line":155,"column":16},"end":{"line":155,"column":79}},"56":{"start":{"line":156,"column":19},"end":{"line":162,"column":13}},"57":{"start":{"line":157,"column":16},"end":{"line":157,"column":79}},"58":{"start":{"line":158,"column":19},"end":{"line":162,"column":13}},"59":{"start":{"line":159,"column":16},"end":{"line":159,"column":81}},"60":{"start":{"line":160,"column":19},"end":{"line":162,"column":13}},"61":{"start":{"line":161,"column":16},"end":{"line":161,"column":80}},"62":{"start":{"line":166,"column":31},"end":{"line":166,"column":33}},"63":{"start":{"line":167,"column":28},"end":{"line":167,"column":29}},"64":{"start":{"line":168,"column":23},"end":{"line":168,"column":33}},"65":{"start":{"line":169,"column":26},"end":{"line":169,"column":27}},"66":{"start":{"line":171,"column":12},"end":{"line":235,"column":13}},"67":{"start":{"line":172,"column":12},"end":{"line":235,"column":13}},"68":{"start":{"line":173,"column":32},"end":{"line":173,"column":63}},"69":{"start":{"line":175,"column":16},"end":{"line":233,"column":17}},"70":{"start":{"line":176,"column":30},"end":{"line":176,"column":60}},"71":{"start":{"line":177,"column":30},"end":{"line":177,"column":60}},"72":{"start":{"line":178,"column":20},"end":{"line":182,"column":21}},"73":{"start":{"line":179,"column":24},"end":{"line":179,"column":41}},"74":{"start":{"line":180,"column":26},"end":{"line":182,"column":21}},"75":{"start":{"line":181,"column":24},"end":{"line":181,"column":41}},"76":{"start":{"line":185,"column":20},"end":{"line":204,"column":21}},"77":{"start":{"line":185,"column":33},"end":{"line":185,"column":34}},"78":{"start":{"line":186,"column":37},"end":{"line":188,"column":26}},"79":{"start":{"line":187,"column":28},"end":{"line":187,"column":77}},"80":{"start":{"line":190,"column":24},"end":{"line":199,"column":25}},"81":{"start":{"line":191,"column":28},"end":{"line":191,"column":46}},"82":{"start":{"line":192,"column":28},"end":{"line":192,"column":42}},"83":{"start":{"line":193,"column":28},"end":{"line":193,"column":45}},"84":{"start":{"line":194,"column":31},"end":{"line":199,"column":25}},"85":{"start":{"line":195,"column":28},"end":{"line":195,"column":52}},"86":{"start":{"line":196,"column":28},"end":{"line":196,"column":46}},"87":{"start":{"line":197,"column":28},"end":{"line":197,"column":42}},"88":{"start":{"line":198,"column":28},"end":{"line":198,"column":45}},"89":{"start":{"line":201,"column":24},"end":{"line":201,"column":61}},"90":{"start":{"line":202,"column":24},"end":{"line":202,"column":44}},"91":{"start":{"line":203,"column":24},"end":{"line":203,"column":35}},"92":{"start":{"line":206,"column":30},"end":{"line":206,"column":60}},"93":{"start":{"line":207,"column":30},"end":{"line":207,"column":60}},"94":{"start":{"line":208,"column":21},"end":{"line":212,"column":21}},"95":{"start":{"line":209,"column":24},"end":{"line":209,"column":41}},"96":{"start":{"line":210,"column":26},"end":{"line":212,"column":21}},"97":{"start":{"line":211,"column":24},"end":{"line":211,"column":41}},"98":{"start":{"line":214,"column":20},"end":{"line":232,"column":21}},"99":{"start":{"line":214,"column":33},"end":{"line":214,"column":34}},"100":{"start":{"line":215,"column":37},"end":{"line":217,"column":26}},"101":{"start":{"line":216,"column":28},"end":{"line":216,"column":78}},"102":{"start":{"line":219,"column":24},"end":{"line":228,"column":25}},"103":{"start":{"line":220,"column":28},"end":{"line":220,"column":46}},"104":{"start":{"line":221,"column":28},"end":{"line":221,"column":42}},"105":{"start":{"line":222,"column":28},"end":{"line":222,"column":45}},"106":{"start":{"line":223,"column":31},"end":{"line":228,"column":25}},"107":{"start":{"line":224,"column":29},"end":{"line":224,"column":53}},"108":{"start":{"line":225,"column":28},"end":{"line":225,"column":46}},"109":{"start":{"line":226,"column":28},"end":{"line":226,"column":42}},"110":{"start":{"line":227,"column":28},"end":{"line":227,"column":45}},"111":{"start":{"line":229,"column":24},"end":{"line":229,"column":62}},"112":{"start":{"line":230,"column":24},"end":{"line":230,"column":44}},"113":{"start":{"line":231,"column":24},"end":{"line":231,"column":35}},"114":{"start":{"line":236,"column":12},"end":{"line":236,"column":66}},"115":{"start":{"line":240,"column":16},"end":{"line":240,"column":49}},"116":{"start":{"line":241,"column":16},"end":{"line":241,"column":49}},"117":{"start":{"line":242,"column":16},"end":{"line":242,"column":49}},"118":{"start":{"line":243,"column":16},"end":{"line":243,"column":49}},"119":{"start":{"line":244,"column":16},"end":{"line":244,"column":49}},"120":{"start":{"line":245,"column":16},"end":{"line":245,"column":49}},"121":{"start":{"line":246,"column":16},"end":{"line":246,"column":49}},"122":{"start":{"line":247,"column":16},"end":{"line":247,"column":49}},"123":{"start":{"line":248,"column":16},"end":{"line":248,"column":49}},"124":{"start":{"line":249,"column":16},"end":{"line":249,"column":49}},"125":{"start":{"line":256,"column":22},"end":{"line":256,"column":24}},"126":{"start":{"line":257,"column":4},"end":{"line":264,"column":5}},"127":{"start":{"line":257,"column":17},"end":{"line":257,"column":18}},"128":{"start":{"line":258,"column":8},"end":{"line":260,"column":9}},"129":{"start":{"line":259,"column":12},"end":{"line":259,"column":52}},"130":{"start":{"line":261,"column":8},"end":{"line":263,"column":9}},"131":{"start":{"line":262,"column":12},"end":{"line":262,"column":52}},"132":{"start":{"line":265,"column":4},"end":{"line":265,"column":22}}},"fnMap":{"0":{"name":"createField","decl":{"start":{"line":4,"column":9},"end":{"line":4,"column":20}},"loc":{"start":{"line":4,"column":23},"end":{"line":253,"column":1}},"line":4},"1":{"name":"(anonymous_1)","decl":{"start":{"line":36,"column":8},"end":{"line":36,"column":9}},"loc":{"start":{"line":36,"column":44},"end":{"line":61,"column":9}},"line":36},"2":{"name":"(anonymous_2)","decl":{"start":{"line":63,"column":8},"end":{"line":63,"column":9}},"loc":{"start":{"line":63,"column":32},"end":{"line":82,"column":9}},"line":63},"3":{"name":"(anonymous_3)","decl":{"start":{"line":84,"column":8},"end":{"line":84,"column":9}},"loc":{"start":{"line":84,"column":26},"end":{"line":97,"column":9}},"line":84},"4":{"name":"(anonymous_4)","decl":{"start":{"line":100,"column":8},"end":{"line":100,"column":9}},"loc":{"start":{"line":100,"column":53},"end":{"line":109,"column":9}},"line":100},"5":{"name":"(anonymous_5)","decl":{"start":{"line":111,"column":8},"end":{"line":111,"column":9}},"loc":{"start":{"line":111,"column":42},"end":{"line":136,"column":9}},"line":111},"6":{"name":"(anonymous_6)","decl":{"start":{"line":116,"column":73},"end":{"line":116,"column":74}},"loc":{"start":{"line":116,"column":94},"end":{"line":118,"column":17}},"line":116},"7":{"name":"(anonymous_7)","decl":{"start":{"line":126,"column":69},"end":{"line":126,"column":70}},"loc":{"start":{"line":126,"column":90},"end":{"line":128,"column":17}},"line":126},"8":{"name":"(anonymous_8)","decl":{"start":{"line":138,"column":8},"end":{"line":138,"column":9}},"loc":{"start":{"line":138,"column":28},"end":{"line":151,"column":9}},"line":138},"9":{"name":"(anonymous_9)","decl":{"start":{"line":153,"column":8},"end":{"line":153,"column":9}},"loc":{"start":{"line":153,"column":58},"end":{"line":163,"column":9}},"line":153},"10":{"name":"(anonymous_10)","decl":{"start":{"line":165,"column":8},"end":{"line":165,"column":9}},"loc":{"start":{"line":165,"column":48},"end":{"line":237,"column":9}},"line":165},"11":{"name":"(anonymous_11)","decl":{"start":{"line":186,"column":69},"end":{"line":186,"column":70}},"loc":{"start":{"line":186,"column":79},"end":{"line":188,"column":25}},"line":186},"12":{"name":"(anonymous_12)","decl":{"start":{"line":215,"column":69},"end":{"line":215,"column":70}},"loc":{"start":{"line":215,"column":79},"end":{"line":217,"column":25}},"line":215},"13":{"name":"(anonymous_13)","decl":{"start":{"line":239,"column":8},"end":{"line":239,"column":9}},"loc":{"start":{"line":239,"column":32},"end":{"line":250,"column":9}},"line":239},"14":{"name":"coordinatesOfEachCell","decl":{"start":{"line":255,"column":9},"end":{"line":255,"column":30}},"loc":{"start":{"line":255,"column":61},"end":{"line":266,"column":1}},"line":255}},"branchMap":{"0":{"loc":{"start":{"line":38,"column":12},"end":{"line":40,"column":13}},"type":"if","locations":[{"start":{"line":38,"column":12},"end":{"line":40,"column":13}},{"start":{},"end":{}}],"line":38},"1":{"loc":{"start":{"line":44,"column":12},"end":{"line":46,"column":13}},"type":"if","locations":[{"start":{"line":44,"column":12},"end":{"line":46,"column":13}},{"start":{},"end":{}}],"line":44},"2":{"loc":{"start":{"line":65,"column":12},"end":{"line":81,"column":13}},"type":"if","locations":[{"start":{"line":65,"column":12},"end":{"line":81,"column":13}},{"start":{"line":74,"column":19},"end":{"line":81,"column":13}}],"line":65},"3":{"loc":{"start":{"line":87,"column":20},"end":{"line":87,"column":69}},"type":"if","locations":[{"start":{"line":87,"column":20},"end":{"line":87,"column":69}},{"start":{},"end":{}}],"line":87},"4":{"loc":{"start":{"line":90,"column":20},"end":{"line":92,"column":21}},"type":"if","locations":[{"start":{"line":90,"column":20},"end":{"line":92,"column":21}},{"start":{},"end":{}}],"line":90},"5":{"loc":{"start":{"line":102,"column":16},"end":{"line":107,"column":17}},"type":"if","locations":[{"start":{"line":102,"column":16},"end":{"line":107,"column":17}},{"start":{},"end":{}}],"line":102},"6":{"loc":{"start":{"line":112,"column":12},"end":{"line":112,"column":66}},"type":"if","locations":[{"start":{"line":112,"column":12},"end":{"line":112,"column":66}},{"start":{},"end":{}}],"line":112},"7":{"loc":{"start":{"line":114,"column":12},"end":{"line":133,"column":13}},"type":"if","locations":[{"start":{"line":114,"column":12},"end":{"line":133,"column":13}},{"start":{"line":125,"column":19},"end":{"line":133,"column":13}}],"line":114},"8":{"loc":{"start":{"line":117,"column":28},"end":{"line":117,"column":124}},"type":"binary-expr","locations":[{"start":{"line":117,"column":28},"end":{"line":117,"column":74}},{"start":{"line":117,"column":78},"end":{"line":117,"column":124}}],"line":117},"9":{"loc":{"start":{"line":120,"column":16},"end":{"line":122,"column":17}},"type":"if","locations":[{"start":{"line":120,"column":16},"end":{"line":122,"column":17}},{"start":{},"end":{}}],"line":120},"10":{"loc":{"start":{"line":125,"column":19},"end":{"line":133,"column":13}},"type":"if","locations":[{"start":{"line":125,"column":19},"end":{"line":133,"column":13}},{"start":{},"end":{}}],"line":125},"11":{"loc":{"start":{"line":127,"column":28},"end":{"line":127,"column":118}},"type":"binary-expr","locations":[{"start":{"line":127,"column":28},"end":{"line":127,"column":71}},{"start":{"line":127,"column":75},"end":{"line":127,"column":118}}],"line":127},"12":{"loc":{"start":{"line":130,"column":16},"end":{"line":132,"column":17}},"type":"if","locations":[{"start":{"line":130,"column":16},"end":{"line":132,"column":17}},{"start":{},"end":{}}],"line":130},"13":{"loc":{"start":{"line":141,"column":20},"end":{"line":141,"column":69}},"type":"if","locations":[{"start":{"line":141,"column":20},"end":{"line":141,"column":69}},{"start":{},"end":{}}],"line":141},"14":{"loc":{"start":{"line":145,"column":24},"end":{"line":147,"column":25}},"type":"if","locations":[{"start":{"line":145,"column":24},"end":{"line":147,"column":25}},{"start":{},"end":{}}],"line":145},"15":{"loc":{"start":{"line":145,"column":28},"end":{"line":145,"column":108}},"type":"binary-expr","locations":[{"start":{"line":145,"column":28},"end":{"line":145,"column":66}},{"start":{"line":145,"column":70},"end":{"line":145,"column":108}}],"line":145},"16":{"loc":{"start":{"line":154,"column":12},"end":{"line":162,"column":13}},"type":"if","locations":[{"start":{"line":154,"column":12},"end":{"line":162,"column":13}},{"start":{"line":156,"column":19},"end":{"line":162,"column":13}}],"line":154},"17":{"loc":{"start":{"line":156,"column":19},"end":{"line":162,"column":13}},"type":"if","locations":[{"start":{"line":156,"column":19},"end":{"line":162,"column":13}},{"start":{"line":158,"column":19},"end":{"line":162,"column":13}}],"line":156},"18":{"loc":{"start":{"line":158,"column":19},"end":{"line":162,"column":13}},"type":"if","locations":[{"start":{"line":158,"column":19},"end":{"line":162,"column":13}},{"start":{"line":160,"column":19},"end":{"line":162,"column":13}}],"line":158},"19":{"loc":{"start":{"line":160,"column":19},"end":{"line":162,"column":13}},"type":"if","locations":[{"start":{"line":160,"column":19},"end":{"line":162,"column":13}},{"start":{},"end":{}}],"line":160},"20":{"loc":{"start":{"line":175,"column":16},"end":{"line":233,"column":17}},"type":"if","locations":[{"start":{"line":175,"column":16},"end":{"line":233,"column":17}},{"start":{"line":205,"column":23},"end":{"line":233,"column":17}}],"line":175},"21":{"loc":{"start":{"line":178,"column":20},"end":{"line":182,"column":21}},"type":"if","locations":[{"start":{"line":178,"column":20},"end":{"line":182,"column":21}},{"start":{"line":180,"column":26},"end":{"line":182,"column":21}}],"line":178},"22":{"loc":{"start":{"line":180,"column":26},"end":{"line":182,"column":21}},"type":"if","locations":[{"start":{"line":180,"column":26},"end":{"line":182,"column":21}},{"start":{},"end":{}}],"line":180},"23":{"loc":{"start":{"line":187,"column":35},"end":{"line":187,"column":77}},"type":"binary-expr","locations":[{"start":{"line":187,"column":35},"end":{"line":187,"column":61}},{"start":{"line":187,"column":65},"end":{"line":187,"column":77}}],"line":187},"24":{"loc":{"start":{"line":190,"column":24},"end":{"line":199,"column":25}},"type":"if","locations":[{"start":{"line":190,"column":24},"end":{"line":199,"column":25}},{"start":{"line":194,"column":31},"end":{"line":199,"column":25}}],"line":190},"25":{"loc":{"start":{"line":194,"column":31},"end":{"line":199,"column":25}},"type":"if","locations":[{"start":{"line":194,"column":31},"end":{"line":199,"column":25}},{"start":{},"end":{}}],"line":194},"26":{"loc":{"start":{"line":208,"column":21},"end":{"line":212,"column":21}},"type":"if","locations":[{"start":{"line":208,"column":21},"end":{"line":212,"column":21}},{"start":{"line":210,"column":26},"end":{"line":212,"column":21}}],"line":208},"27":{"loc":{"start":{"line":210,"column":26},"end":{"line":212,"column":21}},"type":"if","locations":[{"start":{"line":210,"column":26},"end":{"line":212,"column":21}},{"start":{},"end":{}}],"line":210},"28":{"loc":{"start":{"line":216,"column":35},"end":{"line":216,"column":78}},"type":"binary-expr","locations":[{"start":{"line":216,"column":35},"end":{"line":216,"column":47}},{"start":{"line":216,"column":52},"end":{"line":216,"column":78}}],"line":216},"29":{"loc":{"start":{"line":219,"column":24},"end":{"line":228,"column":25}},"type":"if","locations":[{"start":{"line":219,"column":24},"end":{"line":228,"column":25}},{"start":{"line":223,"column":31},"end":{"line":228,"column":25}}],"line":219},"30":{"loc":{"start":{"line":223,"column":31},"end":{"line":228,"column":25}},"type":"if","locations":[{"start":{"line":223,"column":31},"end":{"line":228,"column":25}},{"start":{},"end":{}}],"line":223},"31":{"loc":{"start":{"line":258,"column":8},"end":{"line":260,"column":9}},"type":"if","locations":[{"start":{"line":258,"column":8},"end":{"line":260,"column":9}},{"start":{},"end":{}}],"line":258},"32":{"loc":{"start":{"line":258,"column":12},"end":{"line":258,"column":38}},"type":"binary-expr","locations":[{"start":{"line":258,"column":12},"end":{"line":258,"column":26}},{"start":{"line":258,"column":30},"end":{"line":258,"column":38}}],"line":258},"33":{"loc":{"start":{"line":261,"column":8},"end":{"line":263,"column":9}},"type":"if","locations":[{"start":{"line":261,"column":8},"end":{"line":263,"column":9}},{"start":{},"end":{}}],"line":261},"34":{"loc":{"start":{"line":261,"column":12},"end":{"line":261,"column":38}},"type":"binary-expr","locations":[{"start":{"line":261,"column":12},"end":{"line":261,"column":26}},{"start":{"line":261,"column":30},"end":{"line":261,"column":38}}],"line":261}},"s":{"0":17,"1":20,"2":20,"3":0,"4":20,"5":20,"6":0,"7":20,"8":12,"9":6,"10":6,"11":6,"12":6,"13":6,"14":6,"15":6,"16":6,"17":21,"18":51,"19":45,"20":6,"21":6,"22":3,"23":3,"24":20,"25":31,"26":20,"27":20,"28":20,"29":20,"30":32,"31":14,"32":18,"33":10,"34":10,"35":20,"36":176,"37":20,"38":0,"39":8,"40":8,"41":15,"42":8,"43":6,"44":12,"45":6,"46":24,"47":60,"48":53,"49":7,"50":7,"51":7,"52":13,"53":6,"54":20,"55":12,"56":8,"57":3,"58":5,"59":2,"60":3,"61":3,"62":11,"63":11,"64":11,"65":11,"66":11,"67":11,"68":12,"69":12,"70":8,"71":8,"72":8,"73":0,"74":8,"75":0,"76":8,"77":8,"78":14,"79":102,"80":14,"81":1,"82":1,"83":1,"84":13,"85":0,"86":0,"87":0,"88":0,"89":13,"90":13,"91":13,"92":4,"93":4,"94":4,"95":0,"96":4,"97":0,"98":4,"99":4,"100":9,"101":99,"102":9,"103":0,"104":0,"105":0,"106":9,"107":0,"108":0,"109":0,"110":0,"111":9,"112":9,"113":9,"114":11,"115":1,"116":1,"117":1,"118":1,"119":1,"120":1,"121":1,"122":1,"123":1,"124":1,"125":20,"126":20,"127":20,"128":36,"129":19,"130":36,"131":17,"132":20},"f":{"0":17,"1":20,"2":12,"3":6,"4":20,"5":32,"6":176,"7":15,"8":6,"9":20,"10":11,"11":102,"12":99,"13":1,"14":20},"b":{"0":[0,20],"1":[0,20],"2":[6,6],"3":[45,6],"4":[3,3],"5":[20,11],"6":[14,18],"7":[10,8],"8":[176,11],"9":[0,20],"10":[8,0],"11":[15,15],"12":[6,2],"13":[53,7],"14":[6,7],"15":[13,13],"16":[12,8],"17":[3,5],"18":[2,3],"19":[3,0],"20":[8,4],"21":[0,8],"22":[0,8],"23":[102,10],"24":[1,13],"25":[0,13],"26":[0,4],"27":[0,4],"28":[99,3],"29":[0,9],"30":[0,9],"31":[19,17],"32":[36,17],"33":[17,19],"34":[36,19]},"_coverageSchema":"1a1c01bbd47fc00a2c39e90264f33305004495a9","hash":"c8f110632827ca01da4775881810a60ab72cc1f4"}
,"C:\\Users\\valen\\Desktop\\code\\Battleships\\src\\createShip.js": {"path":"C:\\Users\\valen\\Desktop\\code\\Battleships\\src\\createShip.js","statementMap":{"0":{"start":{"line":1,"column":19},"end":{"line":16,"column":1}},"1":{"start":{"line":2,"column":4},"end":{"line":15,"column":6}},"2":{"start":{"line":7,"column":12},"end":{"line":9,"column":13}},"3":{"start":{"line":8,"column":16},"end":{"line":8,"column":34}},"4":{"start":{"line":12,"column":16},"end":{"line":12,"column":28}},"5":{"start":{"line":13,"column":16},"end":{"line":13,"column":30}}},"fnMap":{"0":{"name":"(anonymous_0)","decl":{"start":{"line":1,"column":19},"end":{"line":1,"column":20}},"loc":{"start":{"line":1,"column":36},"end":{"line":16,"column":1}},"line":1},"1":{"name":"(anonymous_1)","decl":{"start":{"line":6,"column":8},"end":{"line":6,"column":9}},"loc":{"start":{"line":6,"column":17},"end":{"line":10,"column":9}},"line":6},"2":{"name":"(anonymous_2)","decl":{"start":{"line":11,"column":8},"end":{"line":11,"column":9}},"loc":{"start":{"line":11,"column":13},"end":{"line":14,"column":13}},"line":11}},"branchMap":{"0":{"loc":{"start":{"line":7,"column":12},"end":{"line":9,"column":13}},"type":"if","locations":[{"start":{"line":7,"column":12},"end":{"line":9,"column":13}},{"start":{},"end":{}}],"line":7}},"s":{"0":1,"1":21,"2":11,"3":5,"4":11,"5":11},"f":{"0":21,"1":11,"2":11},"b":{"0":[5,6]},"_coverageSchema":"1a1c01bbd47fc00a2c39e90264f33305004495a9","hash":"d10ba41c7e043d28671166e1f1b631e7d795e334"}
}
