{"C:\\Users\\valen\\Desktop\\code\\Battleships\\src\\Player.js": {"path":"C:\\Users\\valen\\Desktop\\code\\Battleships\\src\\Player.js","statementMap":{"0":{"start":{"line":5,"column":8},"end":{"line":5,"column":25}},"1":{"start":{"line":6,"column":8},"end":{"line":6,"column":24}},"2":{"start":{"line":7,"column":8},"end":{"line":7,"column":35}},"3":{"start":{"line":8,"column":8},"end":{"line":8,"column":35}},"4":{"start":{"line":9,"column":8},"end":{"line":9,"column":45}},"5":{"start":{"line":13,"column":8},"end":{"line":13,"column":71}},"6":{"start":{"line":13,"column":50},"end":{"line":13,"column":71}},"7":{"start":{"line":15,"column":8},"end":{"line":25,"column":9}},"8":{"start":{"line":16,"column":12},"end":{"line":16,"column":29}},"9":{"start":{"line":19,"column":12},"end":{"line":21,"column":13}},"10":{"start":{"line":19,"column":25},"end":{"line":19,"column":26}},"11":{"start":{"line":20,"column":14},"end":{"line":20,"column":134}},"12":{"start":{"line":20,"column":104},"end":{"line":20,"column":134}},"13":{"start":{"line":23,"column":12},"end":{"line":23,"column":65}},"14":{"start":{"line":24,"column":12},"end":{"line":24,"column":46}},"15":{"start":{"line":30,"column":8},"end":{"line":30,"column":89}},"16":{"start":{"line":30,"column":32},"end":{"line":30,"column":89}},"17":{"start":{"line":32,"column":8},"end":{"line":32,"column":68}},"18":{"start":{"line":36,"column":8},"end":{"line":47,"column":9}},"19":{"start":{"line":37,"column":8},"end":{"line":47,"column":9}},"20":{"start":{"line":38,"column":20},"end":{"line":38,"column":50}},"21":{"start":{"line":39,"column":20},"end":{"line":39,"column":50}},"22":{"start":{"line":41,"column":12},"end":{"line":43,"column":13}},"23":{"start":{"line":41,"column":25},"end":{"line":41,"column":26}},"24":{"start":{"line":42,"column":16},"end":{"line":42,"column":85}},"25":{"start":{"line":42,"column":68},"end":{"line":42,"column":85}},"26":{"start":{"line":45,"column":12},"end":{"line":45,"column":36}},"27":{"start":{"line":46,"column":12},"end":{"line":46,"column":25}}},"fnMap":{"0":{"name":"(anonymous_0)","decl":{"start":{"line":4,"column":4},"end":{"line":4,"column":5}},"loc":{"start":{"line":4,"column":50},"end":{"line":10,"column":5}},"line":4},"1":{"name":"(anonymous_1)","decl":{"start":{"line":12,"column":4},"end":{"line":12,"column":5}},"loc":{"start":{"line":12,"column":43},"end":{"line":27,"column":5}},"line":12},"2":{"name":"(anonymous_2)","decl":{"start":{"line":29,"column":4},"end":{"line":29,"column":5}},"loc":{"start":{"line":29,"column":17},"end":{"line":33,"column":5}},"line":29},"3":{"name":"(anonymous_3)","decl":{"start":{"line":35,"column":4},"end":{"line":35,"column":5}},"loc":{"start":{"line":35,"column":24},"end":{"line":48,"column":5}},"line":35}},"branchMap":{"0":{"loc":{"start":{"line":4,"column":22},"end":{"line":4,"column":48}},"type":"default-arg","locations":[{"start":{"line":4,"column":39},"end":{"line":4,"column":48}}],"line":4},"1":{"loc":{"start":{"line":12,"column":15},"end":{"line":12,"column":41}},"type":"default-arg","locations":[{"start":{"line":12,"column":35},"end":{"line":12,"column":41}}],"line":12},"2":{"loc":{"start":{"line":13,"column":8},"end":{"line":13,"column":71}},"type":"if","locations":[{"start":{"line":13,"column":8},"end":{"line":13,"column":71}},{"start":{},"end":{}}],"line":13},"3":{"loc":{"start":{"line":15,"column":8},"end":{"line":25,"column":9}},"type":"if","locations":[{"start":{"line":15,"column":8},"end":{"line":25,"column":9}},{"start":{"line":17,"column":15},"end":{"line":25,"column":9}}],"line":15},"4":{"loc":{"start":{"line":20,"column":14},"end":{"line":20,"column":134}},"type":"if","locations":[{"start":{"line":20,"column":14},"end":{"line":20,"column":134}},{"start":{},"end":{}}],"line":20},"5":{"loc":{"start":{"line":20,"column":18},"end":{"line":20,"column":102}},"type":"binary-expr","locations":[{"start":{"line":20,"column":18},"end":{"line":20,"column":58}},{"start":{"line":20,"column":62},"end":{"line":20,"column":102}}],"line":20},"6":{"loc":{"start":{"line":30,"column":8},"end":{"line":30,"column":89}},"type":"if","locations":[{"start":{"line":30,"column":8},"end":{"line":30,"column":89}},{"start":{},"end":{}}],"line":30},"7":{"loc":{"start":{"line":42,"column":16},"end":{"line":42,"column":85}},"type":"if","locations":[{"start":{"line":42,"column":16},"end":{"line":42,"column":85}},{"start":{},"end":{}}],"line":42},"8":{"loc":{"start":{"line":42,"column":20},"end":{"line":42,"column":66}},"type":"binary-expr","locations":[{"start":{"line":42,"column":20},"end":{"line":42,"column":41}},{"start":{"line":42,"column":45},"end":{"line":42,"column":66}}],"line":42}},"s":{"0":0,"1":0,"2":0,"3":0,"4":0,"5":0,"6":0,"7":0,"8":0,"9":0,"10":0,"11":0,"12":0,"13":0,"14":0,"15":0,"16":0,"17":0,"18":0,"19":0,"20":0,"21":0,"22":0,"23":0,"24":0,"25":0,"26":0,"27":0},"f":{"0":0,"1":0,"2":0,"3":0},"b":{"0":[0],"1":[0],"2":[0,0],"3":[0,0],"4":[0,0],"5":[0,0],"6":[0,0],"7":[0,0],"8":[0,0]},"_coverageSchema":"1a1c01bbd47fc00a2c39e90264f33305004495a9","hash":"5af91c09f7eb4897804b327f23708a121986cf7a"}
,"C:\\Users\\valen\\Desktop\\code\\Battleships\\src\\createField.js": {"path":"C:\\Users\\valen\\Desktop\\code\\Battleships\\src\\createField.js","statementMap":{"0":{"start":{"line":5,"column":4},"end":{"line":192,"column":5}},"1":{"start":{"line":37,"column":12},"end":{"line":39,"column":13}},"2":{"start":{"line":38,"column":16},"end":{"line":38,"column":63}},"3":{"start":{"line":41,"column":35},"end":{"line":41,"column":82}},"4":{"start":{"line":42,"column":12},"end":{"line":44,"column":13}},"5":{"start":{"line":43,"column":16},"end":{"line":43,"column":59}},"6":{"start":{"line":47,"column":12},"end":{"line":47,"column":69}},"7":{"start":{"line":63,"column":12},"end":{"line":77,"column":13}},"8":{"start":{"line":65,"column":16},"end":{"line":65,"column":40}},"9":{"start":{"line":67,"column":16},"end":{"line":67,"column":38}},"10":{"start":{"line":69,"column":16},"end":{"line":69,"column":41}},"11":{"start":{"line":73,"column":16},"end":{"line":73,"column":63}},"12":{"start":{"line":75,"column":16},"end":{"line":75,"column":42}},"13":{"start":{"line":81,"column":12},"end":{"line":91,"column":13}},"14":{"start":{"line":82,"column":16},"end":{"line":90,"column":16}},"15":{"start":{"line":83,"column":20},"end":{"line":83,"column":69}},"16":{"start":{"line":83,"column":61},"end":{"line":83,"column":69}},"17":{"start":{"line":85,"column":42},"end":{"line":85,"column":74}},"18":{"start":{"line":86,"column":20},"end":{"line":88,"column":21}},"19":{"start":{"line":87,"column":24},"end":{"line":87,"column":49}},"20":{"start":{"line":92,"column":12},"end":{"line":92,"column":36}},"21":{"start":{"line":96,"column":12},"end":{"line":96,"column":45}},"22":{"start":{"line":97,"column":12},"end":{"line":97,"column":45}},"23":{"start":{"line":98,"column":12},"end":{"line":98,"column":45}},"24":{"start":{"line":99,"column":12},"end":{"line":99,"column":45}},"25":{"start":{"line":100,"column":12},"end":{"line":100,"column":45}},"26":{"start":{"line":101,"column":12},"end":{"line":101,"column":45}},"27":{"start":{"line":102,"column":12},"end":{"line":102,"column":45}},"28":{"start":{"line":103,"column":12},"end":{"line":103,"column":45}},"29":{"start":{"line":104,"column":12},"end":{"line":104,"column":45}},"30":{"start":{"line":105,"column":12},"end":{"line":105,"column":45}},"31":{"start":{"line":109,"column":31},"end":{"line":109,"column":33}},"32":{"start":{"line":110,"column":28},"end":{"line":110,"column":29}},"33":{"start":{"line":111,"column":23},"end":{"line":111,"column":33}},"34":{"start":{"line":112,"column":26},"end":{"line":112,"column":27}},"35":{"start":{"line":114,"column":12},"end":{"line":140,"column":13}},"36":{"start":{"line":115,"column":12},"end":{"line":140,"column":13}},"37":{"start":{"line":117,"column":24},"end":{"line":117,"column":54}},"38":{"start":{"line":118,"column":24},"end":{"line":118,"column":54}},"39":{"start":{"line":120,"column":16},"end":{"line":120,"column":58}},"40":{"start":{"line":121,"column":16},"end":{"line":139,"column":17}},"41":{"start":{"line":122,"column":20},"end":{"line":129,"column":21}},"42":{"start":{"line":122,"column":33},"end":{"line":122,"column":34}},"43":{"start":{"line":123,"column":24},"end":{"line":126,"column":25}},"44":{"start":{"line":124,"column":28},"end":{"line":124,"column":46}},"45":{"start":{"line":125,"column":28},"end":{"line":125,"column":45}},"46":{"start":{"line":127,"column":24},"end":{"line":127,"column":49}},"47":{"start":{"line":128,"column":24},"end":{"line":128,"column":35}},"48":{"start":{"line":130,"column":23},"end":{"line":139,"column":17}},"49":{"start":{"line":131,"column":20},"end":{"line":138,"column":21}},"50":{"start":{"line":131,"column":33},"end":{"line":131,"column":34}},"51":{"start":{"line":132,"column":24},"end":{"line":135,"column":25}},"52":{"start":{"line":133,"column":28},"end":{"line":133,"column":46}},"53":{"start":{"line":134,"column":28},"end":{"line":134,"column":45}},"54":{"start":{"line":136,"column":24},"end":{"line":136,"column":49}},"55":{"start":{"line":137,"column":24},"end":{"line":137,"column":35}},"56":{"start":{"line":141,"column":12},"end":{"line":141,"column":40}},"57":{"start":{"line":142,"column":12},"end":{"line":142,"column":67}},"58":{"start":{"line":147,"column":12},"end":{"line":154,"column":14}},"59":{"start":{"line":148,"column":16},"end":{"line":153,"column":17}},"60":{"start":{"line":149,"column":20},"end":{"line":149,"column":58}},"61":{"start":{"line":150,"column":20},"end":{"line":150,"column":67}},"62":{"start":{"line":151,"column":20},"end":{"line":151,"column":68}},"63":{"start":{"line":152,"column":20},"end":{"line":152,"column":25}},"64":{"start":{"line":158,"column":13},"end":{"line":162,"column":13}},"65":{"start":{"line":158,"column":26},"end":{"line":158,"column":27}},"66":{"start":{"line":159,"column":16},"end":{"line":161,"column":17}},"67":{"start":{"line":159,"column":29},"end":{"line":159,"column":30}},"68":{"start":{"line":160,"column":20},"end":{"line":160,"column":156}},"69":{"start":{"line":160,"column":145},"end":{"line":160,"column":156}},"70":{"start":{"line":163,"column":12},"end":{"line":163,"column":24}},"71":{"start":{"line":167,"column":12},"end":{"line":178,"column":13}},"72":{"start":{"line":168,"column":16},"end":{"line":177,"column":16}},"73":{"start":{"line":169,"column":20},"end":{"line":169,"column":69}},"74":{"start":{"line":169,"column":61},"end":{"line":169,"column":69}},"75":{"start":{"line":171,"column":37},"end":{"line":171,"column":76}},"76":{"start":{"line":172,"column":20},"end":{"line":176,"column":20}},"77":{"start":{"line":172,"column":33},"end":{"line":172,"column":34}},"78":{"start":{"line":173,"column":24},"end":{"line":175,"column":25}},"79":{"start":{"line":174,"column":28},"end":{"line":174,"column":61}},"80":{"start":{"line":182,"column":13},"end":{"line":190,"column":13}},"81":{"start":{"line":183,"column":16},"end":{"line":183,"column":81}},"82":{"start":{"line":184,"column":19},"end":{"line":190,"column":13}},"83":{"start":{"line":185,"column":16},"end":{"line":185,"column":81}},"84":{"start":{"line":186,"column":19},"end":{"line":190,"column":13}},"85":{"start":{"line":187,"column":15},"end":{"line":187,"column":82}},"86":{"start":{"line":188,"column":19},"end":{"line":190,"column":13}},"87":{"start":{"line":189,"column":16},"end":{"line":189,"column":82}},"88":{"start":{"line":196,"column":22},"end":{"line":196,"column":24}},"89":{"start":{"line":197,"column":4},"end":{"line":204,"column":5}},"90":{"start":{"line":197,"column":17},"end":{"line":197,"column":18}},"91":{"start":{"line":198,"column":8},"end":{"line":200,"column":9}},"92":{"start":{"line":199,"column":12},"end":{"line":199,"column":52}},"93":{"start":{"line":201,"column":8},"end":{"line":203,"column":9}},"94":{"start":{"line":202,"column":12},"end":{"line":202,"column":52}},"95":{"start":{"line":205,"column":4},"end":{"line":205,"column":22}}},"fnMap":{"0":{"name":"createField","decl":{"start":{"line":4,"column":9},"end":{"line":4,"column":20}},"loc":{"start":{"line":4,"column":23},"end":{"line":193,"column":1}},"line":4},"1":{"name":"(anonymous_1)","decl":{"start":{"line":36,"column":8},"end":{"line":36,"column":9}},"loc":{"start":{"line":36,"column":44},"end":{"line":59,"column":9}},"line":36},"2":{"name":"(anonymous_2)","decl":{"start":{"line":61,"column":8},"end":{"line":61,"column":9}},"loc":{"start":{"line":61,"column":32},"end":{"line":78,"column":9}},"line":61},"3":{"name":"(anonymous_3)","decl":{"start":{"line":80,"column":8},"end":{"line":80,"column":9}},"loc":{"start":{"line":80,"column":26},"end":{"line":93,"column":9}},"line":80},"4":{"name":"(anonymous_4)","decl":{"start":{"line":95,"column":8},"end":{"line":95,"column":9}},"loc":{"start":{"line":95,"column":32},"end":{"line":106,"column":9}},"line":95},"5":{"name":"(anonymous_5)","decl":{"start":{"line":108,"column":8},"end":{"line":108,"column":9}},"loc":{"start":{"line":108,"column":48},"end":{"line":143,"column":9}},"line":108},"6":{"name":"(anonymous_6)","decl":{"start":{"line":146,"column":8},"end":{"line":146,"column":9}},"loc":{"start":{"line":146,"column":55},"end":{"line":155,"column":9}},"line":146},"7":{"name":"(anonymous_7)","decl":{"start":{"line":157,"column":8},"end":{"line":157,"column":9}},"loc":{"start":{"line":157,"column":41},"end":{"line":164,"column":9}},"line":157},"8":{"name":"(anonymous_8)","decl":{"start":{"line":166,"column":8},"end":{"line":166,"column":9}},"loc":{"start":{"line":166,"column":28},"end":{"line":179,"column":9}},"line":166},"9":{"name":"(anonymous_9)","decl":{"start":{"line":181,"column":8},"end":{"line":181,"column":9}},"loc":{"start":{"line":181,"column":58},"end":{"line":191,"column":9}},"line":181},"10":{"name":"coordinatesOfEachCell","decl":{"start":{"line":195,"column":9},"end":{"line":195,"column":30}},"loc":{"start":{"line":195,"column":61},"end":{"line":206,"column":1}},"line":195}},"branchMap":{"0":{"loc":{"start":{"line":37,"column":12},"end":{"line":39,"column":13}},"type":"if","locations":[{"start":{"line":37,"column":12},"end":{"line":39,"column":13}},{"start":{},"end":{}}],"line":37},"1":{"loc":{"start":{"line":42,"column":12},"end":{"line":44,"column":13}},"type":"if","locations":[{"start":{"line":42,"column":12},"end":{"line":44,"column":13}},{"start":{},"end":{}}],"line":42},"2":{"loc":{"start":{"line":63,"column":12},"end":{"line":77,"column":13}},"type":"if","locations":[{"start":{"line":63,"column":12},"end":{"line":77,"column":13}},{"start":{"line":71,"column":18},"end":{"line":77,"column":13}}],"line":63},"3":{"loc":{"start":{"line":83,"column":20},"end":{"line":83,"column":69}},"type":"if","locations":[{"start":{"line":83,"column":20},"end":{"line":83,"column":69}},{"start":{},"end":{}}],"line":83},"4":{"loc":{"start":{"line":86,"column":20},"end":{"line":88,"column":21}},"type":"if","locations":[{"start":{"line":86,"column":20},"end":{"line":88,"column":21}},{"start":{},"end":{}}],"line":86},"5":{"loc":{"start":{"line":121,"column":16},"end":{"line":139,"column":17}},"type":"if","locations":[{"start":{"line":121,"column":16},"end":{"line":139,"column":17}},{"start":{"line":130,"column":23},"end":{"line":139,"column":17}}],"line":121},"6":{"loc":{"start":{"line":123,"column":24},"end":{"line":126,"column":25}},"type":"if","locations":[{"start":{"line":123,"column":24},"end":{"line":126,"column":25}},{"start":{},"end":{}}],"line":123},"7":{"loc":{"start":{"line":123,"column":28},"end":{"line":123,"column":120}},"type":"binary-expr","locations":[{"start":{"line":123,"column":29},"end":{"line":123,"column":78}},{"start":{"line":123,"column":84},"end":{"line":123,"column":119}}],"line":123},"8":{"loc":{"start":{"line":130,"column":23},"end":{"line":139,"column":17}},"type":"if","locations":[{"start":{"line":130,"column":23},"end":{"line":139,"column":17}},{"start":{},"end":{}}],"line":130},"9":{"loc":{"start":{"line":132,"column":24},"end":{"line":135,"column":25}},"type":"if","locations":[{"start":{"line":132,"column":24},"end":{"line":135,"column":25}},{"start":{},"end":{}}],"line":132},"10":{"loc":{"start":{"line":132,"column":28},"end":{"line":132,"column":120}},"type":"binary-expr","locations":[{"start":{"line":132,"column":29},"end":{"line":132,"column":64}},{"start":{"line":132,"column":70},"end":{"line":132,"column":119}}],"line":132},"11":{"loc":{"start":{"line":148,"column":16},"end":{"line":153,"column":17}},"type":"if","locations":[{"start":{"line":148,"column":16},"end":{"line":153,"column":17}},{"start":{},"end":{}}],"line":148},"12":{"loc":{"start":{"line":160,"column":20},"end":{"line":160,"column":156}},"type":"if","locations":[{"start":{"line":160,"column":20},"end":{"line":160,"column":156}},{"start":{},"end":{}}],"line":160},"13":{"loc":{"start":{"line":160,"column":23},"end":{"line":160,"column":143}},"type":"binary-expr","locations":[{"start":{"line":160,"column":23},"end":{"line":160,"column":81}},{"start":{"line":160,"column":85},"end":{"line":160,"column":143}}],"line":160},"14":{"loc":{"start":{"line":169,"column":20},"end":{"line":169,"column":69}},"type":"if","locations":[{"start":{"line":169,"column":20},"end":{"line":169,"column":69}},{"start":{},"end":{}}],"line":169},"15":{"loc":{"start":{"line":173,"column":24},"end":{"line":175,"column":25}},"type":"if","locations":[{"start":{"line":173,"column":24},"end":{"line":175,"column":25}},{"start":{},"end":{}}],"line":173},"16":{"loc":{"start":{"line":173,"column":28},"end":{"line":173,"column":90}},"type":"binary-expr","locations":[{"start":{"line":173,"column":28},"end":{"line":173,"column":57}},{"start":{"line":173,"column":61},"end":{"line":173,"column":90}}],"line":173},"17":{"loc":{"start":{"line":182,"column":13},"end":{"line":190,"column":13}},"type":"if","locations":[{"start":{"line":182,"column":13},"end":{"line":190,"column":13}},{"start":{"line":184,"column":19},"end":{"line":190,"column":13}}],"line":182},"18":{"loc":{"start":{"line":184,"column":19},"end":{"line":190,"column":13}},"type":"if","locations":[{"start":{"line":184,"column":19},"end":{"line":190,"column":13}},{"start":{"line":186,"column":19},"end":{"line":190,"column":13}}],"line":184},"19":{"loc":{"start":{"line":186,"column":19},"end":{"line":190,"column":13}},"type":"if","locations":[{"start":{"line":186,"column":19},"end":{"line":190,"column":13}},{"start":{"line":188,"column":19},"end":{"line":190,"column":13}}],"line":186},"20":{"loc":{"start":{"line":188,"column":19},"end":{"line":190,"column":13}},"type":"if","locations":[{"start":{"line":188,"column":19},"end":{"line":190,"column":13}},{"start":{},"end":{}}],"line":188},"21":{"loc":{"start":{"line":198,"column":8},"end":{"line":200,"column":9}},"type":"if","locations":[{"start":{"line":198,"column":8},"end":{"line":200,"column":9}},{"start":{},"end":{}}],"line":198},"22":{"loc":{"start":{"line":198,"column":12},"end":{"line":198,"column":38}},"type":"binary-expr","locations":[{"start":{"line":198,"column":12},"end":{"line":198,"column":26}},{"start":{"line":198,"column":30},"end":{"line":198,"column":38}}],"line":198},"23":{"loc":{"start":{"line":201,"column":8},"end":{"line":203,"column":9}},"type":"if","locations":[{"start":{"line":201,"column":8},"end":{"line":203,"column":9}},{"start":{},"end":{}}],"line":201},"24":{"loc":{"start":{"line":201,"column":12},"end":{"line":201,"column":38}},"type":"binary-expr","locations":[{"start":{"line":201,"column":12},"end":{"line":201,"column":26}},{"start":{"line":201,"column":30},"end":{"line":201,"column":38}}],"line":201}},"s":{"0":1,"1":8,"2":0,"3":8,"4":8,"5":1,"6":7,"7":0,"8":0,"9":0,"10":0,"11":0,"12":0,"13":0,"14":0,"15":0,"16":0,"17":0,"18":0,"19":0,"20":0,"21":1,"22":1,"23":1,"24":1,"25":1,"26":1,"27":1,"28":1,"29":0,"30":0,"31":8,"32":8,"33":8,"34":8,"35":8,"36":8,"37":8,"38":8,"39":8,"40":8,"41":4,"42":4,"43":23,"44":0,"45":0,"46":23,"47":23,"48":4,"49":4,"50":4,"51":19,"52":0,"53":0,"54":19,"55":19,"56":8,"57":8,"58":7,"59":16,"60":7,"61":7,"62":7,"63":7,"64":8,"65":8,"66":12,"67":12,"68":66,"69":1,"70":7,"71":0,"72":0,"73":0,"74":0,"75":0,"76":0,"77":0,"78":0,"79":0,"80":7,"81":4,"82":3,"83":3,"84":0,"85":0,"86":0,"87":0,"88":8,"89":8,"90":8,"91":13,"92":6,"93":13,"94":7,"95":8},"f":{"0":1,"1":8,"2":0,"3":0,"4":1,"5":8,"6":7,"7":8,"8":0,"9":7,"10":8},"b":{"0":[0,8],"1":[1,7],"2":[0,0],"3":[0,0],"4":[0,0],"5":[4,4],"6":[0,23],"7":[23,1],"8":[4,0],"9":[0,19],"10":[19,1],"11":[7,9],"12":[1,65],"13":[66,5],"14":[0,0],"15":[0,0],"16":[0,0],"17":[4,3],"18":[3,0],"19":[0,0],"20":[0,0],"21":[6,7],"22":[13,7],"23":[7,6],"24":[13,6]},"_coverageSchema":"1a1c01bbd47fc00a2c39e90264f33305004495a9","hash":"9b2de08952a87274df3406bb15a721d12c488033"}
,"C:\\Users\\valen\\Desktop\\code\\Battleships\\src\\createShip.js": {"path":"C:\\Users\\valen\\Desktop\\code\\Battleships\\src\\createShip.js","statementMap":{"0":{"start":{"line":1,"column":19},"end":{"line":16,"column":1}},"1":{"start":{"line":2,"column":4},"end":{"line":15,"column":6}},"2":{"start":{"line":7,"column":12},"end":{"line":9,"column":13}},"3":{"start":{"line":8,"column":16},"end":{"line":8,"column":34}},"4":{"start":{"line":12,"column":16},"end":{"line":12,"column":28}},"5":{"start":{"line":13,"column":16},"end":{"line":13,"column":30}}},"fnMap":{"0":{"name":"(anonymous_0)","decl":{"start":{"line":1,"column":19},"end":{"line":1,"column":20}},"loc":{"start":{"line":1,"column":36},"end":{"line":16,"column":1}},"line":1},"1":{"name":"(anonymous_1)","decl":{"start":{"line":6,"column":8},"end":{"line":6,"column":9}},"loc":{"start":{"line":6,"column":17},"end":{"line":10,"column":9}},"line":6},"2":{"name":"(anonymous_2)","decl":{"start":{"line":11,"column":8},"end":{"line":11,"column":9}},"loc":{"start":{"line":11,"column":13},"end":{"line":14,"column":13}},"line":11}},"branchMap":{"0":{"loc":{"start":{"line":7,"column":12},"end":{"line":9,"column":13}},"type":"if","locations":[{"start":{"line":7,"column":12},"end":{"line":9,"column":13}},{"start":{},"end":{}}],"line":7}},"s":{"0":1,"1":7,"2":0,"3":0,"4":0,"5":0},"f":{"0":7,"1":0,"2":0},"b":{"0":[0,0]},"_coverageSchema":"1a1c01bbd47fc00a2c39e90264f33305004495a9","hash":"d10ba41c7e043d28671166e1f1b631e7d795e334"}
}
