TN:
SF:src\Player.js
FN:4,(anonymous_0)
FN:13,(anonymous_1)
FN:23,(anonymous_2)
FN:36,(anonymous_3)
FN:41,(anonymous_4)
FN:53,(anonymous_5)
FN:65,(anonymous_6)
FN:76,(anonymous_7)
FN:79,(anonymous_8)
FN:80,(anonymous_9)
FN:84,(anonymous_10)
FN:108,(anonymous_11)
FN:114,(anonymous_12)
FN:119,(anonymous_13)
FN:130,(anonymous_14)
FN:141,(anonymous_15)
FN:146,(anonymous_16)
FN:147,(anonymous_17)
FN:160,(anonymous_18)
FN:169,(anonymous_19)
FNF:20
FNH:3
FNDA:5,(anonymous_0)
FNDA:2,(anonymous_1)
FNDA:0,(anonymous_2)
FNDA:1,(anonymous_3)
FNDA:0,(anonymous_4)
FNDA:0,(anonymous_5)
FNDA:0,(anonymous_6)
FNDA:0,(anonymous_7)
FNDA:0,(anonymous_8)
FNDA:0,(anonymous_9)
FNDA:0,(anonymous_10)
FNDA:0,(anonymous_11)
FNDA:0,(anonymous_12)
FNDA:0,(anonymous_13)
FNDA:0,(anonymous_14)
FNDA:0,(anonymous_15)
FNDA:0,(anonymous_16)
FNDA:0,(anonymous_17)
FNDA:0,(anonymous_18)
FNDA:0,(anonymous_19)
DA:5,5
DA:6,5
DA:7,5
DA:8,5
DA:9,5
DA:10,5
DA:14,2
DA:15,2
DA:16,1
DA:18,1
DA:19,0
DA:20,0
DA:23,1
DA:24,0
DA:27,1
DA:29,1
DA:30,0
DA:37,1
DA:38,1
DA:42,0
DA:43,0
DA:44,0
DA:45,0
DA:47,0
DA:48,0
DA:49,0
DA:50,0
DA:53,0
DA:54,0
DA:58,0
DA:60,0
DA:61,0
DA:66,0
DA:67,0
DA:68,0
DA:69,0
DA:71,0
DA:72,0
DA:77,0
DA:79,0
DA:80,0
DA:81,0
DA:84,0
DA:86,0
DA:87,0
DA:88,0
DA:89,0
DA:90,0
DA:91,0
DA:92,0
DA:95,0
DA:97,0
DA:98,0
DA:100,0
DA:101,0
DA:103,0
DA:104,0
DA:108,0
DA:109,0
DA:115,0
DA:116,0
DA:117,0
DA:118,0
DA:119,0
DA:120,0
DA:121,0
DA:122,0
DA:123,0
DA:125,0
DA:127,0
DA:128,0
DA:129,0
DA:130,0
DA:131,0
DA:132,0
DA:133,0
DA:134,0
DA:135,0
DA:136,0
DA:142,0
DA:143,0
DA:147,0
DA:148,0
DA:149,0
DA:152,0
DA:153,0
DA:155,0
DA:156,0
DA:161,0
DA:163,0
DA:164,0
DA:165,0
DA:170,0
DA:171,0
DA:172,0
DA:173,0
DA:174,0
DA:175,0
DA:177,0
DA:178,0
DA:179,0
DA:180,0
DA:181,0
DA:182,0
DA:183,0
LF:105
LH:15
BRDA:13,0,0,1
BRDA:14,1,0,0
BRDA:14,1,1,2
BRDA:15,2,0,1
BRDA:15,2,1,1
BRDA:16,3,0,0
BRDA:16,3,1,1
BRDA:24,4,0,0
BRDA:24,4,1,0
BRDA:27,5,0,0
BRDA:27,5,1,1
BRDA:37,6,0,0
BRDA:37,6,1,1
BRDA:47,7,0,0
BRDA:47,7,1,0
BRDA:49,8,0,0
BRDA:49,8,1,0
BRDA:54,9,0,0
BRDA:54,9,1,0
BRDA:58,10,0,0
BRDA:58,10,1,0
BRDA:68,11,0,0
BRDA:68,11,1,0
BRDA:87,12,0,0
BRDA:87,12,1,0
BRDA:89,13,0,0
BRDA:89,13,1,0
BRDA:91,14,0,0
BRDA:91,14,1,0
BRDA:103,15,0,0
BRDA:103,15,1,0
BRDA:115,16,0,0
BRDA:115,16,1,0
BRDA:121,17,0,0
BRDA:121,17,1,0
BRDA:132,18,0,0
BRDA:132,18,1,0
BRDA:148,19,0,0
BRDA:148,19,1,0
BRDA:149,20,0,0
BRDA:149,20,1,0
BRDA:153,21,0,0
BRDA:153,21,1,0
BRDA:153,22,0,0
BRDA:153,22,1,0
BRDA:173,23,0,0
BRDA:173,23,1,0
BRDA:180,24,0,0
BRDA:180,24,1,0
BRF:49
BRH:7
end_of_record
TN:
SF:src\createField.js
FN:4,createField
FN:40,(anonymous_1)
FN:69,(anonymous_2)
FN:79,(anonymous_3)
FN:104,(anonymous_4)
FN:118,(anonymous_5)
FN:130,(anonymous_6)
FN:136,(anonymous_7)
FN:146,(anonymous_8)
FN:158,(anonymous_9)
FN:163,(anonymous_10)
FN:173,(anonymous_11)
FN:185,(anonymous_12)
FN:191,(anonymous_13)
FN:207,(anonymous_14)
FN:208,(anonymous_15)
FN:217,(anonymous_16)
FN:238,(anonymous_17)
FN:266,(anonymous_18)
FN:289,(anonymous_19)
FN:302,(anonymous_20)
FN:309,(anonymous_21)
FN:315,(anonymous_22)
FN:319,(anonymous_23)
FN:328,(anonymous_24)
FN:333,(anonymous_25)
FN:337,(anonymous_26)
FN:373,(anonymous_27)
FN:384,coordinatesOfEachCell
FNF:29
FNH:11
FNDA:15,createField
FNDA:10,(anonymous_1)
FNDA:10,(anonymous_2)
FNDA:1,(anonymous_3)
FNDA:0,(anonymous_4)
FNDA:10,(anonymous_5)
FNDA:0,(anonymous_6)
FNDA:0,(anonymous_7)
FNDA:0,(anonymous_8)
FNDA:10,(anonymous_9)
FNDA:0,(anonymous_10)
FNDA:0,(anonymous_11)
FNDA:0,(anonymous_12)
FNDA:0,(anonymous_13)
FNDA:0,(anonymous_14)
FNDA:0,(anonymous_15)
FNDA:2,(anonymous_16)
FNDA:0,(anonymous_17)
FNDA:0,(anonymous_18)
FNDA:1,(anonymous_19)
FNDA:0,(anonymous_20)
FNDA:0,(anonymous_21)
FNDA:0,(anonymous_22)
FNDA:0,(anonymous_23)
FNDA:0,(anonymous_24)
FNDA:0,(anonymous_25)
FNDA:10,(anonymous_26)
FNDA:92,(anonymous_27)
FNDA:10,coordinatesOfEachCell
DA:5,15
DA:42,10
DA:43,0
DA:46,10
DA:48,10
DA:49,0
DA:50,10
DA:51,0
DA:52,10
DA:53,0
DA:57,10
DA:58,8
DA:59,2
DA:60,0
DA:61,2
DA:62,0
DA:63,2
DA:64,2
DA:67,10
DA:69,10
DA:70,10
DA:71,0
DA:72,0
DA:75,0
DA:76,0
DA:80,1
DA:81,0
DA:82,0
DA:84,0
DA:86,0
DA:88,0
DA:90,0
DA:91,0
DA:93,0
DA:96,0
DA:98,0
DA:100,0
DA:105,0
DA:106,0
DA:107,0
DA:109,0
DA:110,0
DA:111,0
DA:115,0
DA:119,10
DA:120,10
DA:121,10
DA:122,10
DA:123,10
DA:124,10
DA:125,10
DA:131,0
DA:133,0
DA:135,0
DA:136,0
DA:137,0
DA:140,0
DA:141,0
DA:145,0
DA:146,0
DA:147,0
DA:150,0
DA:151,0
DA:155,0
DA:159,10
DA:161,0
DA:162,0
DA:163,0
DA:164,0
DA:167,0
DA:168,0
DA:172,0
DA:173,0
DA:174,0
DA:177,0
DA:178,0
DA:182,0
DA:186,0
DA:187,0
DA:189,0
DA:191,0
DA:192,0
DA:193,0
DA:197,0
DA:199,0
DA:200,0
DA:201,0
DA:208,0
DA:209,0
DA:210,0
DA:211,0
DA:212,0
DA:218,2
DA:219,2
DA:220,2
DA:221,2
DA:223,2
DA:224,2
DA:225,3
DA:227,3
DA:228,0
DA:229,0
DA:230,0
DA:231,0
DA:232,0
DA:233,0
DA:237,0
DA:238,0
DA:239,0
DA:242,0
DA:243,0
DA:244,0
DA:245,0
DA:246,0
DA:247,0
DA:248,0
DA:249,0
DA:252,0
DA:253,0
DA:254,0
DA:257,3
DA:258,3
DA:259,3
DA:260,1
DA:261,2
DA:262,0
DA:265,2
DA:266,2
DA:267,0
DA:270,2
DA:271,0
DA:272,0
DA:273,0
DA:274,2
DA:275,0
DA:276,0
DA:277,0
DA:279,2
DA:280,2
DA:281,2
DA:286,2
DA:290,1
DA:291,0
DA:292,0
DA:293,0
DA:294,0
DA:295,0
DA:296,0
DA:297,0
DA:298,0
DA:299,0
DA:303,0
DA:304,0
DA:306,0
DA:308,0
DA:309,0
DA:310,0
DA:316,0
DA:320,0
DA:321,0
DA:322,0
DA:324,0
DA:325,0
DA:327,0
DA:328,0
DA:329,0
DA:334,0
DA:338,10
DA:340,10
DA:341,10
DA:342,6
DA:343,6
DA:344,6
DA:345,6
DA:346,6
DA:349,6
DA:350,6
DA:351,6
DA:352,6
DA:354,6
DA:355,6
DA:358,4
DA:359,10
DA:360,4
DA:361,4
DA:362,4
DA:363,10
DA:364,4
DA:365,4
DA:366,4
DA:368,10
DA:369,10
DA:373,10
DA:374,92
DA:377,10
DA:378,10
DA:379,10
DA:385,10
DA:386,10
DA:387,16
DA:388,6
DA:390,16
DA:391,10
DA:394,10
LF:204
LH:83
BRDA:4,0,0,13
BRDA:42,1,0,0
BRDA:42,1,1,10
BRDA:48,2,0,0
BRDA:48,2,1,10
BRDA:50,3,0,0
BRDA:50,3,1,10
BRDA:50,4,0,10
BRDA:50,4,1,6
BRDA:52,5,0,0
BRDA:52,5,1,10
BRDA:52,6,0,10
BRDA:52,6,1,4
BRDA:57,7,0,8
BRDA:57,7,1,2
BRDA:59,8,0,0
BRDA:59,8,1,2
BRDA:61,9,0,0
BRDA:61,9,1,2
BRDA:63,10,0,2
BRDA:63,10,1,0
BRDA:67,11,0,0
BRDA:67,11,1,10
BRDA:79,12,0,1
BRDA:82,13,0,0
BRDA:82,13,1,0
BRDA:84,14,0,0
BRDA:84,14,1,0
BRDA:93,15,0,0
BRDA:93,15,1,0
BRDA:107,16,0,0
BRDA:107,16,1,0
BRDA:110,17,0,0
BRDA:110,17,1,0
BRDA:120,18,0,10
BRDA:120,18,1,0
BRDA:131,19,0,0
BRDA:131,19,1,0
BRDA:133,20,0,0
BRDA:133,20,1,0
BRDA:137,21,0,0
BRDA:137,21,1,0
BRDA:140,22,0,0
BRDA:140,22,1,0
BRDA:145,23,0,0
BRDA:145,23,1,0
BRDA:147,24,0,0
BRDA:147,24,1,0
BRDA:150,25,0,0
BRDA:150,25,1,0
BRDA:159,26,0,10
BRDA:159,26,1,0
BRDA:161,27,0,0
BRDA:161,27,1,0
BRDA:164,28,0,0
BRDA:164,28,1,0
BRDA:167,29,0,0
BRDA:167,29,1,0
BRDA:172,30,0,0
BRDA:172,30,1,0
BRDA:174,31,0,0
BRDA:174,31,1,0
BRDA:177,32,0,0
BRDA:177,32,1,0
BRDA:192,33,0,0
BRDA:192,33,1,0
BRDA:192,34,0,0
BRDA:192,34,1,0
BRDA:197,35,0,0
BRDA:197,35,1,0
BRDA:199,36,0,0
BRDA:199,36,1,0
BRDA:211,37,0,0
BRDA:211,37,1,0
BRDA:227,38,0,0
BRDA:227,38,1,3
BRDA:230,39,0,0
BRDA:230,39,1,0
BRDA:232,40,0,0
BRDA:232,40,1,0
BRDA:239,41,0,0
BRDA:239,41,1,0
BRDA:242,42,0,0
BRDA:242,42,1,0
BRDA:246,43,0,0
BRDA:246,43,1,0
BRDA:259,44,0,1
BRDA:259,44,1,2
BRDA:261,45,0,0
BRDA:261,45,1,2
BRDA:267,46,0,0
BRDA:267,46,1,0
BRDA:270,47,0,0
BRDA:270,47,1,2
BRDA:274,48,0,0
BRDA:274,48,1,2
BRDA:303,49,0,0
BRDA:303,49,1,0
BRDA:316,50,0,0
BRDA:316,50,1,0
BRDA:320,51,0,0
BRDA:320,51,1,0
BRDA:321,52,0,0
BRDA:321,52,1,0
BRDA:334,53,0,0
BRDA:334,53,1,0
BRDA:338,54,0,0
BRDA:338,54,1,10
BRDA:338,55,0,10
BRDA:338,55,1,10
BRDA:341,56,0,6
BRDA:341,56,1,4
BRDA:343,57,0,6
BRDA:343,57,1,0
BRDA:349,58,0,6
BRDA:349,58,1,0
BRDA:359,59,0,4
BRDA:359,59,1,6
BRDA:363,60,0,4
BRDA:363,60,1,6
BRDA:374,61,0,54
BRDA:374,61,1,38
BRDA:374,62,0,92
BRDA:374,62,1,65
BRDA:374,62,2,62
BRDA:374,62,3,54
BRDA:387,63,0,6
BRDA:387,63,1,10
BRDA:387,64,0,16
BRDA:387,64,1,10
BRDA:390,65,0,10
BRDA:390,65,1,6
BRDA:390,66,0,16
BRDA:390,66,1,6
BRF:134
BRH:49
end_of_record
TN:
SF:src\createShip.js
FN:1,(anonymous_0)
FN:6,(anonymous_1)
FN:11,(anonymous_2)
FNF:3
FNH:3
FNDA:11,(anonymous_0)
FNDA:2,(anonymous_1)
FNDA:2,(anonymous_2)
DA:1,1
DA:2,11
DA:7,2
DA:8,1
DA:12,2
DA:13,2
LF:6
LH:6
BRDA:7,0,0,1
BRDA:7,0,1,1
BRF:2
BRH:2
end_of_record
