TN:
SF:src\Player.js
FN:4,(anonymous_0)
FN:12,(anonymous_1)
FN:29,(anonymous_2)
FN:35,(anonymous_3)
FNF:4
FNH:0
FNDA:0,(anonymous_0)
FNDA:0,(anonymous_1)
FNDA:0,(anonymous_2)
FNDA:0,(anonymous_3)
DA:5,0
DA:6,0
DA:7,0
DA:8,0
DA:9,0
DA:13,0
DA:15,0
DA:16,0
DA:19,0
DA:20,0
DA:23,0
DA:24,0
DA:30,0
DA:32,0
DA:36,0
DA:37,0
DA:38,0
DA:39,0
DA:41,0
DA:42,0
DA:45,0
DA:46,0
LF:22
LH:0
BRDA:4,0,0,0
BRDA:12,1,0,0
BRDA:13,2,0,0
BRDA:13,2,1,0
BRDA:15,3,0,0
BRDA:15,3,1,0
BRDA:20,4,0,0
BRDA:20,4,1,0
BRDA:20,5,0,0
BRDA:20,5,1,0
BRDA:30,6,0,0
BRDA:30,6,1,0
BRDA:42,7,0,0
BRDA:42,7,1,0
BRDA:42,8,0,0
BRDA:42,8,1,0
BRF:16
BRH:0
end_of_record
TN:
SF:src\createField.js
FN:4,createField
FN:36,(anonymous_1)
FN:61,(anonymous_2)
FN:80,(anonymous_3)
FN:95,(anonymous_4)
FN:108,(anonymous_5)
FN:146,(anonymous_6)
FN:157,(anonymous_7)
FN:166,(anonymous_8)
FN:181,(anonymous_9)
FN:195,coordinatesOfEachCell
FNF:11
FNH:8
FNDA:1,createField
FNDA:8,(anonymous_1)
FNDA:0,(anonymous_2)
FNDA:0,(anonymous_3)
FNDA:1,(anonymous_4)
FNDA:8,(anonymous_5)
FNDA:7,(anonymous_6)
FNDA:8,(anonymous_7)
FNDA:0,(anonymous_8)
FNDA:7,(anonymous_9)
FNDA:8,coordinatesOfEachCell
DA:5,1
DA:37,8
DA:38,0
DA:41,8
DA:42,8
DA:43,1
DA:47,7
DA:63,0
DA:65,0
DA:67,0
DA:69,0
DA:73,0
DA:75,0
DA:81,0
DA:82,0
DA:83,0
DA:85,0
DA:86,0
DA:87,0
DA:92,0
DA:96,1
DA:97,1
DA:98,1
DA:99,1
DA:100,1
DA:101,1
DA:102,1
DA:103,1
DA:104,0
DA:105,0
DA:109,8
DA:110,8
DA:111,8
DA:112,8
DA:114,8
DA:115,8
DA:117,8
DA:118,8
DA:120,8
DA:121,8
DA:122,4
DA:123,23
DA:124,0
DA:125,0
DA:127,23
DA:128,23
DA:130,4
DA:131,4
DA:132,19
DA:133,0
DA:134,0
DA:136,19
DA:137,19
DA:141,8
DA:142,8
DA:147,7
DA:148,16
DA:149,7
DA:150,7
DA:151,7
DA:152,7
DA:158,8
DA:159,12
DA:160,66
DA:163,7
DA:167,0
DA:168,0
DA:169,0
DA:171,0
DA:172,0
DA:173,0
DA:174,0
DA:182,7
DA:183,4
DA:184,3
DA:185,3
DA:186,0
DA:187,0
DA:188,0
DA:189,0
DA:196,8
DA:197,8
DA:198,13
DA:199,6
DA:201,13
DA:202,7
DA:205,8
LF:87
LH:56
BRDA:37,0,0,0
BRDA:37,0,1,8
BRDA:42,1,0,1
BRDA:42,1,1,7
BRDA:63,2,0,0
BRDA:63,2,1,0
BRDA:83,3,0,0
BRDA:83,3,1,0
BRDA:86,4,0,0
BRDA:86,4,1,0
BRDA:121,5,0,4
BRDA:121,5,1,4
BRDA:123,6,0,0
BRDA:123,6,1,23
BRDA:123,7,0,23
BRDA:123,7,1,1
BRDA:130,8,0,4
BRDA:130,8,1,0
BRDA:132,9,0,0
BRDA:132,9,1,19
BRDA:132,10,0,19
BRDA:132,10,1,1
BRDA:148,11,0,7
BRDA:148,11,1,9
BRDA:160,12,0,1
BRDA:160,12,1,65
BRDA:160,13,0,66
BRDA:160,13,1,5
BRDA:169,14,0,0
BRDA:169,14,1,0
BRDA:173,15,0,0
BRDA:173,15,1,0
BRDA:173,16,0,0
BRDA:173,16,1,0
BRDA:182,17,0,4
BRDA:182,17,1,3
BRDA:184,18,0,3
BRDA:184,18,1,0
BRDA:186,19,0,0
BRDA:186,19,1,0
BRDA:188,20,0,0
BRDA:188,20,1,0
BRDA:198,21,0,6
BRDA:198,21,1,7
BRDA:198,22,0,13
BRDA:198,22,1,7
BRDA:201,23,0,7
BRDA:201,23,1,6
BRDA:201,24,0,13
BRDA:201,24,1,6
BRF:50
BRH:29
end_of_record
TN:
SF:src\createShip.js
FN:1,(anonymous_0)
FN:6,(anonymous_1)
FN:11,(anonymous_2)
FNF:3
FNH:1
FNDA:7,(anonymous_0)
FNDA:0,(anonymous_1)
FNDA:0,(anonymous_2)
DA:1,1
DA:2,7
DA:7,0
DA:8,0
DA:12,0
DA:13,0
LF:6
LH:2
BRDA:7,0,0,0
BRDA:7,0,1,0
BRF:2
BRH:0
end_of_record
